2024-08-03 12:15:27 - HV000001: Hibernate Validator 8.0.1.Final
2024-08-03 12:15:27 - Starting TheGitHubTimes using Java 21.0.4 with PID 12428 (B:\Code\IDEA\the-github-times\target\classes started by alexr in B:\Code\IDEA\the-github-times)
2024-08-03 12:15:27 - No active profile set, falling back to 1 default profile: "default"
2024-08-03 12:15:28 - Bootstrapping Spring Data JPA repositories in DEFAULT mode.
2024-08-03 12:15:28 - Finished Spring Data repository scanning in 56 ms. Found 5 JPA repository interfaces.
2024-08-03 12:15:29 - Tomcat initialized with port 8080 (http)
2024-08-03 12:15:29 - Initializing ProtocolHandler ["http-nio-8080"]
2024-08-03 12:15:29 - Starting service [Tomcat]
2024-08-03 12:15:29 - Starting Servlet engine: [Apache Tomcat/10.1.25]
2024-08-03 12:15:29 - Initializing Spring embedded WebApplicationContext
2024-08-03 12:15:29 - Root WebApplicationContext: initialization completed in 1605 ms
2024-08-03 12:15:29 - HHH000204: Processing PersistenceUnitInfo [name: default]
2024-08-03 12:15:29 - HHH000412: Hibernate ORM core version 6.5.2.Final
2024-08-03 12:15:29 - HHH000026: Second-level cache disabled
2024-08-03 12:15:29 - No LoadTimeWeaver setup: ignoring JPA class transformer
2024-08-03 12:15:29 - HikariPool-1 - Starting...
2024-08-03 12:15:30 - HikariPool-1 - Added connection org.postgresql.jdbc.PgConnection@54e94de9
2024-08-03 12:15:30 - HikariPool-1 - Start completed.
2024-08-03 12:15:31 - HHH000489: No JTA platform available (set 'hibernate.transaction.jta.platform' to enable JTA platform integration)
2024-08-03 12:15:31 - Initialized JPA EntityManagerFactory for persistence unit 'default'
2024-08-03 12:15:31 - Global AuthenticationManager configured with AuthenticationProvider bean with name authenticationProvider
2024-08-03 12:15:31 - Hibernate is in classpath; If applicable, HQL parser will be used.
2024-08-03 12:15:32 - spring.jpa.open-in-view is enabled by default. Therefore, database queries may be performed during view rendering. Explicitly configure spring.jpa.open-in-view to disable this warning
2024-08-03 12:15:32 - Cannot find template location: classpath:/templates/ (please add some templates, check your Thymeleaf configuration, or set spring.thymeleaf.check-template-location=false)
2024-08-03 12:15:33 - Starting ProtocolHandler ["http-nio-8080"]
2024-08-03 12:15:33 - Tomcat started on port 8080 (http) with context path '/'
2024-08-03 12:15:33 - Started TheGitHubTimes in 5.773 seconds (process running for 6.413)
2024-08-03 12:15:46 - Initializing Spring DispatcherServlet 'dispatcherServlet'
2024-08-03 12:15:46 - Initializing Servlet 'dispatcherServlet'
2024-08-03 12:15:46 - Completed initialization in 1 ms
2024-08-03 12:15:46 - User qweqweqwe already has a profile
2024-08-03 12:15:58 - User qweqweqwe already has a profile
2024-08-03 12:15:59 - User qweqweqwe already has a profile
2024-08-03 12:15:59 - User qweqweqwe already has a profile
2024-08-03 12:16:00 - User qweqweqwe already has a profile
2024-08-03 12:16:07 - Closing JPA EntityManagerFactory for persistence unit 'default'
2024-08-03 12:16:07 - HikariPool-1 - Shutdown initiated...
2024-08-03 12:16:07 - HikariPool-1 - Shutdown completed.
2024-08-03 12:16:40 - HV000001: Hibernate Validator 8.0.1.Final
2024-08-03 12:16:40 - Starting TheGitHubTimes using Java 21.0.4 with PID 7568 (B:\Code\IDEA\the-github-times\target\classes started by alexr in B:\Code\IDEA\the-github-times)
2024-08-03 12:16:40 - No active profile set, falling back to 1 default profile: "default"
2024-08-03 12:16:41 - Bootstrapping Spring Data JPA repositories in DEFAULT mode.
2024-08-03 12:16:41 - Finished Spring Data repository scanning in 59 ms. Found 5 JPA repository interfaces.
2024-08-03 12:16:42 - Tomcat initialized with port 8080 (http)
2024-08-03 12:16:42 - Initializing ProtocolHandler ["http-nio-8080"]
2024-08-03 12:16:42 - Starting service [Tomcat]
2024-08-03 12:16:42 - Starting Servlet engine: [Apache Tomcat/10.1.25]
2024-08-03 12:16:42 - Initializing Spring embedded WebApplicationContext
2024-08-03 12:16:42 - Root WebApplicationContext: initialization completed in 1536 ms
2024-08-03 12:16:42 - HHH000204: Processing PersistenceUnitInfo [name: default]
2024-08-03 12:16:42 - HHH000412: Hibernate ORM core version 6.5.2.Final
2024-08-03 12:16:42 - HHH000026: Second-level cache disabled
2024-08-03 12:16:42 - No LoadTimeWeaver setup: ignoring JPA class transformer
2024-08-03 12:16:42 - HikariPool-1 - Starting...
2024-08-03 12:16:42 - HikariPool-1 - Added connection org.postgresql.jdbc.PgConnection@627d35ff
2024-08-03 12:16:42 - HikariPool-1 - Start completed.
2024-08-03 12:16:43 - HHH000489: No JTA platform available (set 'hibernate.transaction.jta.platform' to enable JTA platform integration)
2024-08-03 12:16:44 - Initialized JPA EntityManagerFactory for persistence unit 'default'
2024-08-03 12:16:44 - Global AuthenticationManager configured with AuthenticationProvider bean with name authenticationProvider
2024-08-03 12:16:44 - Hibernate is in classpath; If applicable, HQL parser will be used.
2024-08-03 12:16:45 - spring.jpa.open-in-view is enabled by default. Therefore, database queries may be performed during view rendering. Explicitly configure spring.jpa.open-in-view to disable this warning
2024-08-03 12:16:45 - Cannot find template location: classpath:/templates/ (please add some templates, check your Thymeleaf configuration, or set spring.thymeleaf.check-template-location=false)
2024-08-03 12:16:45 - Starting ProtocolHandler ["http-nio-8080"]
2024-08-03 12:16:45 - Tomcat started on port 8080 (http) with context path '/'
2024-08-03 12:16:45 - Started TheGitHubTimes in 5.754 seconds (process running for 6.376)
